[2025-11-20T11:21:48.527747+01:00] app.INFO: Ha iniciado sesion [] []
[2025-11-20T11:38:07.290494+01:00] app.INFO: Ha iniciado sesion [] []
[2025-11-20T11:56:20.041800+01:00] app.INFO: Ha iniciado sesion [] []
[2025-11-20T12:26:02.963478+01:00] app.INFO: El usuario Admin General , co]n ID:1 [ []
[2025-11-20T13:26:17.457649+01:00] app.INFO: El usuario Admin General , con ID:1 [] []
[2025-11-20T13:35:25.838997+01:00] app.INFO: El usuario Ana López , con ID:2 ha iniciado sesion [] []
[2025-11-20T16:15:15.511946+01:00] app.INFO: El usuario Admin General , con ID:1 ha iniciado sesion [] []
[2025-11-20T16:29:15.535487+01:00] app.INFO: El usuario Luis García , con ID:3 ha iniciado sesion [] []
[2025-11-20T16:29:40.243053+01:00] app.INFO: El usuario Admin General , con ID:1 ha iniciado sesion [] []
[2025-11-20T16:37:33.436989+01:00] app.INFO: El usuario Luis García , con ID:3 ha iniciado sesion [] []
[2025-11-20T18:50:05.528796+01:00] app.INFO: El usuario Admin General , con ID:1 ha iniciado sesion [] []
[2025-11-20T19:21:09.873313+01:00] app.INFO: El usuario Luis García , con ID:3 ha iniciado sesion [] []
[2025-11-20T19:21:30.479285+01:00] app.INFO: Exito al crear la nueva incidencia [] []
[2025-11-20T19:21:49.357969+01:00] app.INFO: Exito al crear la nueva incidencia [] []
[2025-11-20T19:22:33.090642+01:00] app.INFO: Exito al crear la nueva incidencia [] []
[2025-11-20T19:22:57.159025+01:00] app.INFO: El usuario Admin General , con ID:1 ha iniciado sesion [] []
[2025-11-20T19:36:08.365924+01:00] app.INFO: El usuario Admin General , con ID:1 ha iniciado sesion [] []
[2025-11-20T19:39:17.974621+01:00] app.INFO: El usuario Admin General , con ID:1 ha iniciado sesion [] []
[2025-11-20T19:44:20.444886+01:00] app.INFO: El usuario Luis García , con ID:3 ha iniciado sesion [] []
[2025-11-20T19:44:46.641965+01:00] app.INFO: Exito al crear la nueva incidencia [] []
[2025-11-20T19:45:03.652263+01:00] app.INFO: El usuario Admin General , con ID:1 ha iniciado sesion [] []
[2025-11-30T11:35:16.776283+01:00] app.INFO: El usuario Admin General , con ID:1 ha iniciado sesion [] []
[2025-11-30T11:49:18.828439+01:00] app.INFO: El usuario Admin General , con ID:1 ha iniciado sesion [] []
